Listening to PORT 28017
Listed all drivers
Listed all passengers
(node:29917) DeprecationWarning: Mongoose: mpromise (mongoose's default promise library) is deprecated, plug in your own promise library instead: http://mongoosejs.com/docs/promises.html
Driver: 58376309212dd17d2482f5f9 has a new position.
Listed all drivers
Listed all passengers
Driver: 58376309212dd17d2482f5f9 has a new position.
Driver: 58376309212dd17d2482f5f9 show up.
Listed all drivers
Listed all passengers
Listed all drivers
Listed all passengers
Driver: 58376309212dd17d2482f5f9 has a new position.
Passenger: 58348e18f792d94b00aed845 show up.
Listed all drivers nearby
Passenger: 58348e18f792d94b00aed845 has a new position.
Passenger: 58348e18f792d94b00aed845 has a new position.
Listed all drivers nearby
Passenger: 58348e18f792d94b00aed845 has a new position.
Listed all drivers nearby
Passenger: 58348e18f792d94b00aed845 has a new position.
Listed all drivers nearby
Listed all drivers nearby
Passenger: 58348e18f792d94b00aed845 show up.
Listed all drivers nearby
Passenger: 58348e18f792d94b00aed845 has a new position.
Passenger: 58348e18f792d94b00aed845 has a new position.
Listed all drivers nearby
Passenger: 58348e18f792d94b00aed845 has a new position.
Listed all drivers nearby
Listed all drivers nearby
Passenger: 58348e18f792d94b00aed845 has a new position.
Passenger: 58348e18f792d94b00aed845 has a new position.
Listed all drivers nearby
Passenger: 58348e18f792d94b00aed845 has a new position.
Listed all drivers nearby
Passenger: 58348e18f792d94b00aed845 has a new position.
Listed all drivers nearby
Listed all drivers nearby
Listed all drivers nearby
Passenger: 58348e18f792d94b00aed845 has a new position.
Passenger: 58348e18f792d94b00aed845 has a new position.
Listed all drivers nearby
Passenger: 58348e18f792d94b00aed845 has a new position.
Listed all drivers nearby
Passenger: 58348e18f792d94b00aed845 has a new position.
Listed all drivers nearby
Passenger: 58348e18f792d94b00aed845 has a new position.
Listed all drivers nearby
Passenger: 58348e18f792d94b00aed845 has a new position.
Listed all drivers nearby
Passenger: 58348e18f792d94b00aed845 has a new position.
Listed all drivers nearby
Listed all drivers nearby
Listed all drivers nearby
Passenger: 58348e18f792d94b00aed845 has a new position.
Passenger: 58348e18f792d94b00aed845 has a new position.
Listed all drivers nearby
Listed all drivers nearby
Passenger: 58348e18f792d94b00aed845 has a new position.
Passenger: 58348e18f792d94b00aed845 has a new position.
Listed all drivers nearby
Listed all drivers nearby
